<?xml version="1.0" encoding="UTF-8"?>
<!-- Generated by org.testng.reporters.JUnitXMLReporter -->
<testsuite ignored="2" hostname="pradippa-gift" failures="0" tests="3" name="Test" time="2.826" errors="0" timestamp="2024-04-26T18:55:09 IST">
  <testcase classname="APITests.PutRequestTests" name="create_user" time="2.253"/>
  <testcase classname="APITests.GetRequestTests" name="get_single_user" time="0.13"/>
  <testcase classname="APITests.PostRequestTests" name="register_user" time="0.398"/>
  <testcase classname="baseClass.BaseTest" name="@BeforeSuite getProperty" time="0.0">
    <ignored/>
  </testcase> <!-- @BeforeSuite getProperty -->
  <testcase classname="baseClass.BaseTest" name="@BeforeSuite getProperty" time="0.0">
    <ignored/>
  </testcase> <!-- @BeforeSuite getProperty -->
</testsuite> <!-- Test -->
