<?xml version="1.0" encoding="UTF-8"?>
<!-- Generated by org.testng.reporters.JUnitXMLReporter -->
<testsuite ignored="2" hostname="DESKTOP-H3EMGOI" failures="0" tests="3" name="Test" time="6.835" errors="0" timestamp="2024-04-27T17:46:52 IST">
  <testcase classname="APITests.PutRequestTests" name="create_user" time="5.862"/>
  <testcase classname="APITests.GetRequestTests" name="get_single_user" time="0.322"/>
  <testcase classname="APITests.PostRequestTests" name="register_user" time="0.579"/>
  <testcase classname="baseClass.BaseTest" name="@BeforeSuite getProperty" time="0.0">
    <ignored/>
  </testcase> <!-- @BeforeSuite getProperty -->
  <testcase classname="baseClass.BaseTest" name="@BeforeSuite getProperty" time="0.0">
    <ignored/>
  </testcase> <!-- @BeforeSuite getProperty -->
</testsuite> <!-- Test -->
