<?xml version="1.0" encoding="UTF-8"?>
<testng-results ignored="0" total="3" passed="3" failed="0" skipped="0">
  <reporter-output>
  </reporter-output>
  <suite started-at="2024-04-27T17:46:45 IST" name="Suite" finished-at="2024-04-27T17:46:52 IST" duration-ms="6835">
    <groups>
    </groups>
    <test started-at="2024-04-27T17:46:45 IST" name="Test" finished-at="2024-04-27T17:46:52 IST" duration-ms="6835">
      <class name="APITests.PutRequestTests">
        <test-method is-config="true" signature="getProperty()[pri:0, instance:APITests.PutRequestTests@4eb386df]" started-at="2024-04-27T17:46:45 IST" name="getProperty" finished-at="2024-04-27T17:46:45 IST" duration-ms="43" status="PASS">
          <reporter-output>
          </reporter-output>
        </test-method> <!-- getProperty -->
        <test-method signature="create_user()[pri:0, instance:APITests.PutRequestTests@4eb386df]" started-at="2024-04-27T17:46:45 IST" name="create_user" finished-at="2024-04-27T17:46:51 IST" duration-ms="5862" status="PASS">
          <reporter-output>
          </reporter-output>
        </test-method> <!-- create_user -->
      </class> <!-- APITests.PutRequestTests -->
      <class name="APITests.PostRequestTests">
        <test-method signature="register_user()[pri:0, instance:APITests.PostRequestTests@6995bf68]" started-at="2024-04-27T17:46:51 IST" name="register_user" finished-at="2024-04-27T17:46:52 IST" duration-ms="579" status="PASS">
          <reporter-output>
          </reporter-output>
        </test-method> <!-- register_user -->
      </class> <!-- APITests.PostRequestTests -->
      <class name="APITests.GetRequestTests">
        <test-method signature="get_single_user()[pri:0, instance:APITests.GetRequestTests@4c51cf28]" started-at="2024-04-27T17:46:51 IST" name="get_single_user" finished-at="2024-04-27T17:46:51 IST" duration-ms="322" status="PASS">
          <reporter-output>
          </reporter-output>
        </test-method> <!-- get_single_user -->
      </class> <!-- APITests.GetRequestTests -->
    </test> <!-- Test -->
  </suite> <!-- Suite -->
</testng-results>
