<?xml version="1.0" encoding="UTF-8"?>
<testng-results ignored="0" total="3" passed="3" failed="0" skipped="0">
  <reporter-output>
  </reporter-output>
  <suite started-at="2024-04-26T18:55:07 IST" name="Suite" finished-at="2024-04-26T18:55:09 IST" duration-ms="2826">
    <groups>
    </groups>
    <test started-at="2024-04-26T18:55:07 IST" name="Test" finished-at="2024-04-26T18:55:09 IST" duration-ms="2826">
      <class name="APITests.PutRequestTests">
        <test-method is-config="true" signature="getProperty()[pri:0, instance:APITests.PutRequestTests@2453f95d]" started-at="2024-04-26T18:55:07 IST" name="getProperty" finished-at="2024-04-26T18:55:07 IST" duration-ms="10" status="PASS">
          <reporter-output>
          </reporter-output>
        </test-method> <!-- getProperty -->
        <test-method signature="create_user()[pri:0, instance:APITests.PutRequestTests@2453f95d]" started-at="2024-04-26T18:55:07 IST" name="create_user" finished-at="2024-04-26T18:55:09 IST" duration-ms="2253" status="PASS">
          <reporter-output>
          </reporter-output>
        </test-method> <!-- create_user -->
      </class> <!-- APITests.PutRequestTests -->
      <class name="APITests.PostRequestTests">
        <test-method signature="register_user()[pri:0, instance:APITests.PostRequestTests@47404bea]" started-at="2024-04-26T18:55:09 IST" name="register_user" finished-at="2024-04-26T18:55:09 IST" duration-ms="398" status="PASS">
          <reporter-output>
          </reporter-output>
        </test-method> <!-- register_user -->
      </class> <!-- APITests.PostRequestTests -->
      <class name="APITests.GetRequestTests">
        <test-method signature="get_single_user()[pri:0, instance:APITests.GetRequestTests@56ace400]" started-at="2024-04-26T18:55:09 IST" name="get_single_user" finished-at="2024-04-26T18:55:09 IST" duration-ms="130" status="PASS">
          <reporter-output>
          </reporter-output>
        </test-method> <!-- get_single_user -->
      </class> <!-- APITests.GetRequestTests -->
    </test> <!-- Test -->
  </suite> <!-- Suite -->
</testng-results>
